============================= test session starts ==============================
platform linux -- Python 3.13.7, pytest-8.4.2, pluggy-1.6.0
rootdir: /home/donovan/Downloads/SuperNova/supernova
configfile: pyproject.toml
plugins: anyio-4.11.0, asyncio-0.24.0, langsmith-0.4.34, cov-7.0.0, typeguard-4.4.2
asyncio: mode=Mode.AUTO, default_loop_scope=function
collected 439 items

tests/test_agent_routes.py ..                                            [  0%]
tests/test_api_main.py ...                                               [  1%]
tests/test_audit_coverage.py ......                                      [  2%]
tests/test_auth.py .........                                             [  4%]
tests/test_backup.py ....................                                [  9%]
tests/test_builtin_tools.py ................                             [ 12%]
tests/test_context_assembly.py ......                                    [ 14%]
tests/test_cost_controller.py ...........................                [ 20%]
tests/test_dashboard.py .................................                [ 27%]
tests/test_e2e.py ssssssssssss                                           [ 30%]
tests/test_episodic.py ..........                                        [ 32%]
tests/test_gateway.py ............                                       [ 35%]
tests/test_interrupts.py ......                                          [ 36%]
tests/test_mcp_api.py .............                                      [ 39%]
tests/test_mcp_client.py ..................                              [ 43%]
tests/test_memory_retrieval.py ....                                      [ 44%]
tests/test_observability.py ................................             [ 52%]
tests/test_onboarding.py ................                                [ 55%]
tests/test_preferences.py ...........                                    [ 58%]
tests/test_preferences_service.py ..............                         [ 61%]
tests/test_registry.py ..............                                    [ 64%]
tests/test_routing.py ......                                             [ 66%]
tests/test_security.py ..........................                        [ 71%]
tests/test_semantic.py ..............                                    [ 75%]
tests/test_skills.py .............                                       [ 78%]
tests/test_storage.py ....................                               [ 82%]
tests/test_tool_registry.py ...........                                  [ 85%]
tests/test_websockets.py ..............                                  [ 88%]
tests/test_worker_bodies.py .........                                    [ 90%]
tests/test_workers.py ........................                           [ 95%]
tests/test_working_memory.py ................../home/donovan/.local/lib/python3.13/site-packages/coverage/inorout.py:561: CoverageWarning: Module config was never imported. (module-not-imported); see https://coverage.readthedocs.io/en/7.13.4/messages.html#warning-module-not-imported
  self.warn(f"Module {pkg} was never imported.", slug="module-not-imported")
                          [100%]

=============================== warnings summary ===============================
../../../.local/lib/python3.13/site-packages/graphiti_core/driver/search_interface/search_interface.py:22
  /home/donovan/.local/lib/python3.13/site-packages/graphiti_core/driver/search_interface/search_interface.py:22: PydanticDeprecatedSince20: Support for class-based `config` is deprecated, use ConfigDict instead. Deprecated in Pydantic V2.0 to be removed in V3.0. See Pydantic V2 Migration Guide at https://errors.pydantic.dev/2.12/migration/
    class SearchInterface(BaseModel):

tests/test_cost_controller.py::TestCostController::test_check_budget_exceeds_monthly
  /usr/lib/python3.13/unittest/mock.py:2193: RuntimeWarning: coroutine 'AsyncMockMixin._execute_mock_call' was never awaited
    setattr(_type, entry, MagicProxy(entry, self))
  Enable tracemalloc to get traceback where the object was allocated.
  See https://docs.pytest.org/en/stable/how-to/capture-warnings.html#resource-warnings for more info.

-- Docs: https://docs.pytest.org/en/stable/how-to/capture-warnings.html
================================ tests coverage ================================
_______________ coverage: platform linux, python 3.13.7-final-0 ________________

Name                                         Stmts   Miss Branch BrPart  Cover   Missing
----------------------------------------------------------------------------------------
api/__init__.py                                  2      0      0      0   100%
api/auth.py                                     31      0      4      0   100%
api/gateway.py                                 317     92     58     17    68%   65, 78, 85-86, 90-112, 116-117, 139-140, 148, 151, 154-156, 164-165, 170->174, 180-181, 186-219, 234->240, 237-238, 241->247, 244-245, 249-252, 256-259, 281, 349, 364-370, 402-418, 433-435, 444, 455, 481-484, 503->510, 511, 518->520, 534
api/main.py                                     50      0      2      1    98%   42->52
api/routes/__init__.py                           3      0      0      0   100%
api/routes/agent.py                             31      0      4      0   100%
api/routes/dashboard.py                        224     39     60      8    81%   157, 176-189, 284->307, 328, 330, 337, 385-391, 456-488, 605-622
api/routes/mcp_routes.py                        58      5     16      1    92%   72-75, 108
api/routes/onboarding.py                        47      0      6      0   100%
api/routes/preferences.py                      108     46     12      2    55%   31-36, 76, 141, 146-148, 166-178, 187-206, 215-222, 228, 234, 336-339
api/websockets.py                               64      5     22      2    92%   79->82, 98->96, 101-105
core/__init__.py                                 0      0      0      0   100%
core/agent/__init__.py                           1      0      0      0   100%
core/agent/interrupts.py                         2      0      0      0   100%
core/agent/loop.py                               2      2      0      0     0%   3-16
core/backup/__init__.py                          0      0      0      0   100%
core/backup/cli.py                              61     18     14      2    71%   19-21, 37, 51-65, 93-94
core/backup/manager.py                         187     72     34      8    59%   59, 101, 105, 118, 122, 130->134, 135-136, 139-140, 149, 191-201, 205-216, 220-238, 246-252, 256-263, 267, 301-308, 312-321
core/memory/__init__.py                          4      0      0      0   100%
core/memory/episodic.py                         36      0      0      0   100%
core/memory/procedural.py                        2      0      0      0   100%
core/memory/semantic.py                         71      4     10      0    95%   53-54, 62-63
core/memory/working.py                          96      1     16      1    98%   101
core/reasoning/__init__.py                       3      0      0      0   100%
core/reasoning/context_assembly.py               2      0      0      0   100%
core/reasoning/dynamic_router.py                 2      0      0      0   100%
infrastructure/__init__.py                       0      0      0      0   100%
infrastructure/llm/__init__.py                   0      0      0      0   100%
infrastructure/llm/cost_controller.py          100      6     22      5    91%   52-55, 123->127, 127->132, 205, 211, 220->216
infrastructure/llm/ollama_client.py             47      2      0      0    96%   42, 101
infrastructure/observability/__init__.py         0      0      0      0   100%
infrastructure/observability/cli.py             91     29     16      1    64%   39, 47-50, 65-66, 80-82, 98-102, 112-130
infrastructure/observability/health.py          75      3     24      3    92%   97-98, 101->108, 106
infrastructure/observability/logging.py         27      0      2      0   100%
infrastructure/observability/metrics.py         69      0     14      0   100%
infrastructure/security/__init__.py              0      0      0      0   100%
infrastructure/security/audit.py                45      0      6      0   100%
infrastructure/security/secrets.py             102     13     26      5    83%   66, 105, 116-124, 135-139, 145-155
infrastructure/security/serializer.py           30      1      6      1    94%   46
infrastructure/storage/__init__.py               3      0      0      0   100%
infrastructure/storage/postgres.py              70      1     12      2    96%   221, 227->exit
infrastructure/storage/redis.py                110      3     26      6    93%   229, 237, 242, 251->220, 322->325, 331->exit
infrastructure/tools/__init__.py                 2      0      0      0   100%
infrastructure/tools/builtin/__init__.py         4      0      0      0   100%
infrastructure/tools/builtin/code_exec.py       50      4      8      1    91%   100-101, 125-126, 129->133
infrastructure/tools/builtin/file_ops.py        24      0      4      0   100%
infrastructure/tools/builtin/web_search.py      24      0      4      0   100%
infrastructure/tools/registry.py                88      4     16      2    94%   84, 87, 195-196
mcp/__init__.py                                  0      0      0      0   100%
mcp/client/__init__.py                           0      0      0      0   100%
mcp/client/mcp_client.py                       111     29     26      2    73%   20-33, 66-86, 92-93, 138-140, 160->159
mcp/tools/__init__.py                            0      0      0      0   100%
mcp/tools/mcp_tool_bridge.py                    20      1      4      1    92%   31
skills/__init__.py                               0      0      0      0   100%
skills/loader.py                                90      0     34      3    98%   48->46, 64->71, 89->84
workers/__init__.py                              0      0      0      0   100%
workers/backup.py                               33     13      4      0    59%   15-23, 57-60
workers/celery_app.py                            9      0      0      0   100%
workers/consolidation.py                        64     17      6      0    73%   16-24, 86-89, 95-98
workers/heartbeat.py                            60     13      2      0    76%   16-24, 84-87
workers/maintenance.py                          41     13      8      1    67%   15-23, 37->43, 54-57
workers/mcp_monitor.py                          74     20     12      1    73%   22-30, 78->51, 84-88, 93-95, 105-108
----------------------------------------------------------------------------------------
TOTAL                                         2867    456    540     76    83%
Coverage HTML written to dir htmlcov
Coverage XML written to file coverage.xml
Required test coverage of 80% reached. Total coverage: 82.51%
=========== 427 passed, 12 skipped, 2 warnings in 332.81s (0:05:32) ============
